# JRE version: OpenJDK Runtime Environment (8.0_232-b09) (build 1.8.0_232-b09)
# Java VM: OpenJDK 64-Bit Server VM (25.232-b09 mixed mode windows-amd64 compressed oops)
Heap:
 PSYoungGen      total 141824K, used 139272K [0x00000000d5580000, 0x00000000e3880000, 0x0000000100000000)
  eden space 131072K, 98% used [0x00000000d5580000,0x00000000dd309fe0,0x00000000dd580000)
  from space 10752K, 99% used [0x00000000dd580000,0x00000000ddff8040,0x00000000de000000)
  to   space 10752K, 0% used [0x00000000e2e00000,0x00000000e2e00000,0x00000000e3880000)
 ParOldGen       total 196608K, used 60198K [0x0000000080000000, 0x000000008c000000, 0x00000000d5580000)
  object space 196608K, 30% used [0x0000000080000000,0x0000000083ac98d0,0x000000008c000000)
 Metaspace       used 22295K, capacity 23175K, committed 23424K, reserved 1069056K
  class space    used 2909K, capacity 3129K, committed 3200K, reserved 1048576K
GC Heap History (8 events):
Event: 0.545 GC heap before
{Heap before GC invocations=1 (full 0):
 PSYoungGen      total 76288K, used 65536K [0x00000000d5580000, 0x00000000daa80000, 0x0000000100000000)
  eden space 65536K, 100% used [0x00000000d5580000,0x00000000d9580000,0x00000000d9580000)
  from space 10752K, 0% used [0x00000000da000000,0x00000000da000000,0x00000000daa80000)
  to   space 10752K, 0% used [0x00000000d9580000,0x00000000d9580000,0x00000000da000000)
 ParOldGen       total 175104K, used 0K [0x0000000080000000, 0x000000008ab00000, 0x00000000d5580000)
  object space 175104K, 0% used [0x0000000080000000,0x0000000080000000,0x000000008ab00000)
 Metaspace       used 11462K, capacity 11698K, committed 11904K, reserved 1060864K
  class space    used 1298K, capacity 1378K, committed 1408K, reserved 1048576K
Event: 0.559 GC heap after
Heap after GC invocations=1 (full 0):
 PSYoungGen      total 76288K, used 10727K [0x00000000d5580000, 0x00000000dea80000, 0x0000000100000000)
  eden space 65536K, 0% used [0x00000000d5580000,0x00000000d5580000,0x00000000d9580000)
  from space 10752K, 99% used [0x00000000d9580000,0x00000000d9ff9ca0,0x00000000da000000)
  to   space 10752K, 0% used [0x00000000de000000,0x00000000de000000,0x00000000dea80000)
 ParOldGen       total 175104K, used 39529K [0x0000000080000000, 0x000000008ab00000, 0x00000000d5580000)
  object space 175104K, 22% used [0x0000000080000000,0x000000008269a4e0,0x000000008ab00000)
 Metaspace       used 11462K, capacity 11698K, committed 11904K, reserved 1060864K
  class space    used 1298K, capacity 1378K, committed 1408K, reserved 1048576K
}
Event: 1.462 GC heap before
{Heap before GC invocations=2 (full 0):
 PSYoungGen      total 76288K, used 46626K [0x00000000d5580000, 0x00000000dea80000, 0x0000000100000000)
  eden space 65536K, 54% used [0x00000000d5580000,0x00000000d788ec00,0x00000000d9580000)
  from space 10752K, 99% used [0x00000000d9580000,0x00000000d9ff9ca0,0x00000000da000000)
  to   space 10752K, 0% used [0x00000000de000000,0x00000000de000000,0x00000000dea80000)
 ParOldGen       total 175104K, used 39529K [0x0000000080000000, 0x000000008ab00000, 0x00000000d5580000)
  object space 175104K, 22% used [0x0000000080000000,0x000000008269a4e0,0x000000008ab00000)
 Metaspace       used 20464K, capacity 21283K, committed 21296K, reserved 1067008K
  class space    used 2735K, capacity 2944K, committed 2944K, reserved 1048576K
Event: 1.470 GC heap after
Heap after GC invocations=2 (full 0):
 PSYoungGen      total 141824K, used 10746K [0x00000000d5580000, 0x00000000dea80000, 0x0000000100000000)
  eden space 131072K, 0% used [0x00000000d5580000,0x00000000d5580000,0x00000000dd580000)
  from space 10752K, 99% used [0x00000000de000000,0x00000000dea7ebc8,0x00000000dea80000)
  to   space 10752K, 0% used [0x00000000dd580000,0x00000000dd580000,0x00000000de000000)
 ParOldGen       total 175104K, used 43965K [0x0000000080000000, 0x000000008ab00000, 0x00000000d5580000)
  object space 175104K, 25% used [0x0000000080000000,0x0000000082aef440,0x000000008ab00000)
 Metaspace       used 20464K, capacity 21283K, committed 21296K, reserved 1067008K
  class space    used 2735K, capacity 2944K, committed 2944K, reserved 1048576K
}
Event: 1.470 GC heap before
{Heap before GC invocations=3 (full 1):
 PSYoungGen      total 141824K, used 10746K [0x00000000d5580000, 0x00000000dea80000, 0x0000000100000000)
  eden space 131072K, 0% used [0x00000000d5580000,0x00000000d5580000,0x00000000dd580000)
  from space 10752K, 99% used [0x00000000de000000,0x00000000dea7ebc8,0x00000000dea80000)
  to   space 10752K, 0% used [0x00000000dd580000,0x00000000dd580000,0x00000000de000000)
 ParOldGen       total 175104K, used 43965K [0x0000000080000000, 0x000000008ab00000, 0x00000000d5580000)
  object space 175104K, 25% used [0x0000000080000000,0x0000000082aef440,0x000000008ab00000)
 Metaspace       used 20464K, capacity 21283K, committed 21296K, reserved 1067008K
  class space    used 2735K, capacity 2944K, committed 2944K, reserved 1048576K
Event: 1.491 GC heap after
Heap after GC invocations=3 (full 1):
 PSYoungGen      total 141824K, used 0K [0x00000000d5580000, 0x00000000dea80000, 0x0000000100000000)
  eden space 131072K, 0% used [0x00000000d5580000,0x00000000d5580000,0x00000000dd580000)
  from space 10752K, 0% used [0x00000000de000000,0x00000000de000000,0x00000000dea80000)
  to   space 10752K, 0% used [0x00000000dd580000,0x00000000dd580000,0x00000000de000000)
 ParOldGen       total 196608K, used 52638K [0x0000000080000000, 0x000000008c000000, 0x00000000d5580000)
  object space 196608K, 26% used [0x0000000080000000,0x0000000083367ab8,0x000000008c000000)
 Metaspace       used 20464K, capacity 21283K, committed 21296K, reserved 1067008K
  class space    used 2735K, capacity 2944K, committed 2944K, reserved 1048576K
}
Event: 2.103 GC heap before
{Heap before GC invocations=4 (full 1):
 PSYoungGen      total 141824K, used 131072K [0x00000000d5580000, 0x00000000dea80000, 0x0000000100000000)
  eden space 131072K, 100% used [0x00000000d5580000,0x00000000dd580000,0x00000000dd580000)
  from space 10752K, 0% used [0x00000000de000000,0x00000000de000000,0x00000000dea80000)
  to   space 10752K, 0% used [0x00000000dd580000,0x00000000dd580000,0x00000000de000000)
 ParOldGen       total 196608K, used 52638K [0x0000000080000000, 0x000000008c000000, 0x00000000d5580000)
  object space 196608K, 26% used [0x0000000080000000,0x0000000083367ab8,0x000000008c000000)
 Metaspace       used 22278K, capacity 23111K, committed 23424K, reserved 1069056K
  class space    used 2909K, capacity 3129K, committed 3200K, reserved 1048576K
Event: 2.123 GC heap after
Heap after GC invocations=4 (full 1):
 PSYoungGen      total 141824K, used 10720K [0x00000000d5580000, 0x00000000e3880000, 0x0000000100000000)
  eden space 131072K, 0% used [0x00000000d5580000,0x00000000d5580000,0x00000000dd580000)
  from space 10752K, 99% used [0x00000000dd580000,0x00000000ddff8040,0x00000000de000000)
  to   space 10752K, 0% used [0x00000000e2e00000,0x00000000e2e00000,0x00000000e3880000)
 ParOldGen       total 196608K, used 60198K [0x0000000080000000, 0x000000008c000000, 0x00000000d5580000)
  object space 196608K, 30% used [0x0000000080000000,0x0000000083ac98d0,0x000000008c000000)
 Metaspace       used 22278K, capacity 23111K, committed 23424K, reserved 1069056K
  class space    used 2909K, capacity 3129K, committed 3200K, reserved 1048576K
}

